New log file opened at Mon Apr 27 17:54:25 CEST 2015 by 5976@Hp-HP
Sending msg to client activator-2e060e5a-40c3-49af-b62e-8120d03f4656: DetachedLogEvent(LogMessage(debug,sbt server socket logs are in: C:\Users\Hp\Desktop\activator-1.3.2-minimal\web-app\.sbtserver\connections\master.log))
Sending msg to client activator-2e060e5a-40c3-49af-b62e-8120d03f4656: DetachedLogEvent(LogMessage(debug,sbt general server logs are in: C:\Users\Hp\Desktop\activator-1.3.2-minimal\web-app\.sbtserver\master.log))
Dropping message DetachedLogEvent(LogMessage(debug,sbt general server logs are in: C:\Users\Hp\Desktop\activator-1.3.2-minimal\web-app\.sbtserver\master.log)) because client activator-2e060e5a-40c3-49af-b62e-8120d03f4656 of an exception serializing and sending: java.net.SocketException: Software caused connection abort: socket write error
stack trace sending message was 
java.net.SocketException: Software caused connection abort: socket write error
	at java.net.SocketOutputStream.socketWrite0(Native Method)
	at java.net.SocketOutputStream.socketWrite(SocketOutputStream.java:109)
	at java.net.SocketOutputStream.write(SocketOutputStream.java:153)
	at java.io.BufferedOutputStream.flushBuffer(BufferedOutputStream.java:82)
	at java.io.BufferedOutputStream.flush(BufferedOutputStream.java:140)
	at java.io.DataOutputStream.flush(DataOutputStream.java:123)
	at sbt.impl.ipc.Peer.send(IPC.scala:79)
	at sbt.impl.ipc.Peer.send(IPC.scala:83)
	at sbt.impl.ipc.Peer.sendString(IPC.scala:106)
	at sbt.impl.ipc.Peer.sendJson(IPC.scala:119)
	at sbt.server.SbtClientHandler$$anonfun$send$1.apply$mcV$sp(SbtClientHandler.scala:128)
	at sbt.server.SbtClientHandler.wrappedSend(SbtClientHandler.scala:113)
	at sbt.server.SbtClientHandler.send(SbtClientHandler.scala:128)
	at sbt.server.SbtServerSocketHandler$$anon$1.run(SbtServerSocketHandler.scala:94)
Sending msg to client activator-2e060e5a-40c3-49af-b62e-8120d03f4656: DetachedLogEvent(LogMessage(debug,sbt client logs are in: C:\Users\Hp\Desktop\activator-1.3.2-minimal\web-app\.sbtserver\connections\activator-2e060e5a-40c3-49af-b62e-8120d03f4656.log))
Dropping message DetachedLogEvent(LogMessage(debug,sbt client logs are in: C:\Users\Hp\Desktop\activator-1.3.2-minimal\web-app\.sbtserver\connections\activator-2e060e5a-40c3-49af-b62e-8120d03f4656.log)) because client activator-2e060e5a-40c3-49af-b62e-8120d03f4656 of an exception serializing and sending: java.net.SocketException: socket is closed
stack trace sending message was 
java.net.SocketException: socket is closed
	at sbt.impl.ipc.Peer.send(IPC.scala:74)
	at sbt.impl.ipc.Peer.send(IPC.scala:83)
	at sbt.impl.ipc.Peer.sendString(IPC.scala:106)
	at sbt.impl.ipc.Peer.sendJson(IPC.scala:119)
	at sbt.server.SbtClientHandler$$anonfun$send$1.apply$mcV$sp(SbtClientHandler.scala:128)
	at sbt.server.SbtClientHandler.wrappedSend(SbtClientHandler.scala:113)
	at sbt.server.SbtClientHandler.send(SbtClientHandler.scala:128)
	at sbt.server.SbtClientHandler$clientThread$.run(SbtClientHandler.scala:42)
Reading next message from client.
Client activator-2e060e5a-40c3-49af-b62e-8120d03f4656 closed, java.net.SocketException: socket is closed, shutting down
Dropping message (0,ReceivedResponse()) to dead client activator-2e060e5a-40c3-49af-b62e-8120d03f4656
Client activator-2e060e5a-40c3-49af-b62e-8120d03f4656 thread exiting.
